0 verbose cli C:\Program Files\nodejs\node.exe C:\Users\ask13\AppData\Roaming\npm\node_modules\npm\bin\npm-cli.js
1 info using npm@11.4.2
2 info using node@v22.17.0
3 silly config load:file:C:\Users\ask13\AppData\Roaming\npm\node_modules\npm\npmrc
4 silly config load:file:C:\Users\ask13\oz\oz_react\oz_react\.npmrc
5 silly config load:file:C:\Users\ask13\.npmrc
6 silly config load:file:C:\Users\ask13\AppData\Roaming\npm\etc\npmrc
7 verbose title npm run lint
8 verbose argv "run" "lint" "--cache" "--fix"
9 verbose logfile logs-max:10 dir:C:\Users\ask13\oz\oz_react\oz_react\--fix\_logs\2025-08-07T07_34_19_597Z-
10 verbose logfile C:\Users\ask13\oz\oz_react\oz_react\--fix\_logs\2025-08-07T07_34_19_597Z-debug-0.log
11 silly logfile done cleaning log files
12 http fetch GET 200 https://registry.npmjs.org/npm 178ms
13 verbose cwd C:\Users\ask13\oz\oz_react\oz_react
14 verbose os Windows_NT 10.0.19045
15 verbose node v22.17.0
16 verbose npm  v11.4.2
17 notice
17 notice New [33mminor[39m version of npm available! [33m11.4.2[39m -> [34m11.5.2[39m
17 notice Changelog: [34mhttps://github.com/npm/cli/releases/tag/v11.5.2[39m
17 notice To update run: [4mnpm install -g npm@11.5.2[24m
17 notice  { force: true, [Symbol(proc-log.meta)]: true }
18 verbose exit 1
19 verbose code 1
